# JRE version: Java(TM) SE Runtime Environment (8.0_161-b12) (build 1.8.0_161-b12)
# Java VM: Java HotSpot(TM) 64-Bit Server VM (25.161-b12 mixed mode linux-amd64 compressed oops)
Heap:
 PSYoungGen      total 137216K, used 10744K [0x00000000eb900000, 0x00000000f4a00000, 0x0000000100000000)
  eden space 126464K, 0% used [0x00000000eb900000,0x00000000eb900000,0x00000000f3480000)
  from space 10752K, 99% used [0x00000000f3480000,0x00000000f3efe3c0,0x00000000f3f00000)
  to   space 10240K, 0% used [0x00000000f3f00000,0x00000000f3f00000,0x00000000f4900000)
 ParOldGen       total 47616K, used 26865K [0x00000000c2a00000, 0x00000000c5880000, 0x00000000eb900000)
  object space 47616K, 56% used [0x00000000c2a00000,0x00000000c443c6e0,0x00000000c5880000)
 Metaspace       used 28192K, capacity 28814K, committed 29056K, reserved 1075200K
  class space    used 3230K, capacity 3361K, committed 3456K, reserved 1048576K
GC Heap History (10 events):
Event: 1.566 GC heap after
Heap after GC invocations=3 (full 0):
 PSYoungGen      total 34304K, used 2544K [0x00000000eb900000, 0x00000000efc00000, 0x0000000100000000)
  eden space 31744K, 0% used [0x00000000eb900000,0x00000000eb900000,0x00000000ed800000)
  from space 2560K, 99% used [0x00000000ed800000,0x00000000eda7c030,0x00000000eda80000)
  to   space 2560K, 0% used [0x00000000ef980000,0x00000000ef980000,0x00000000efc00000)
 ParOldGen       total 42496K, used 4827K [0x00000000c2a00000, 0x00000000c5380000, 0x00000000eb900000)
  object space 42496K, 11% used [0x00000000c2a00000,0x00000000c2eb6c90,0x00000000c5380000)
 Metaspace       used 11502K, capacity 11720K, committed 11904K, reserved 1058816K
  class space    used 1425K, capacity 1540K, committed 1664K, reserved 1048576K
}
Event: 2.310 GC heap before
{Heap before GC invocations=4 (full 0):
 PSYoungGen      total 34304K, used 34288K [0x00000000eb900000, 0x00000000efc00000, 0x0000000100000000)
  eden space 31744K, 100% used [0x00000000eb900000,0x00000000ed800000,0x00000000ed800000)
  from space 2560K, 99% used [0x00000000ed800000,0x00000000eda7c030,0x00000000eda80000)
  to   space 2560K, 0% used [0x00000000ef980000,0x00000000ef980000,0x00000000efc00000)
 ParOldGen       total 42496K, used 4827K [0x00000000c2a00000, 0x00000000c5380000, 0x00000000eb900000)
  object space 42496K, 11% used [0x00000000c2a00000,0x00000000c2eb6c90,0x00000000c5380000)
 Metaspace       used 14869K, capacity 15100K, committed 15232K, reserved 1062912K
  class space    used 1804K, capacity 1906K, committed 1920K, reserved 1048576K
Event: 2.340 GC heap after
Heap after GC invocations=4 (full 0):
 PSYoungGen      total 66048K, used 2528K [0x00000000eb900000, 0x00000000efc00000, 0x0000000100000000)
  eden space 63488K, 0% used [0x00000000eb900000,0x00000000eb900000,0x00000000ef700000)
  from space 2560K, 98% used [0x00000000ef980000,0x00000000efbf8020,0x00000000efc00000)
  to   space 2560K, 0% used [0x00000000ef700000,0x00000000ef700000,0x00000000ef980000)
 ParOldGen       total 42496K, used 10539K [0x00000000c2a00000, 0x00000000c5380000, 0x00000000eb900000)
  object space 42496K, 24% used [0x00000000c2a00000,0x00000000c344ad60,0x00000000c5380000)
 Metaspace       used 14869K, capacity 15100K, committed 15232K, reserved 1062912K
  class space    used 1804K, capacity 1906K, committed 1920K, reserved 1048576K
}
Event: 4.458 GC heap before
{Heap before GC invocations=5 (full 0):
 PSYoungGen      total 66048K, used 66016K [0x00000000eb900000, 0x00000000efc00000, 0x0000000100000000)
  eden space 63488K, 100% used [0x00000000eb900000,0x00000000ef700000,0x00000000ef700000)
  from space 2560K, 98% used [0x00000000ef980000,0x00000000efbf8020,0x00000000efc00000)
  to   space 2560K, 0% used [0x00000000ef700000,0x00000000ef700000,0x00000000ef980000)
 ParOldGen       total 42496K, used 10539K [0x00000000c2a00000, 0x00000000c5380000, 0x00000000eb900000)
  object space 42496K, 24% used [0x00000000c2a00000,0x00000000c344ad60,0x00000000c5380000)
 Metaspace       used 15921K, capacity 16248K, committed 16384K, reserved 1062912K
  class space    used 1897K, capacity 1984K, committed 2048K, reserved 1048576K
Event: 4.482 GC heap after
Heap after GC invocations=5 (full 0):
 PSYoungGen      total 66048K, used 2544K [0x00000000eb900000, 0x00000000f4900000, 0x0000000100000000)
  eden space 63488K, 0% used [0x00000000eb900000,0x00000000eb900000,0x00000000ef700000)
  from space 2560K, 99% used [0x00000000ef700000,0x00000000ef97c030,0x00000000ef980000)
  to   space 10240K, 0% used [0x00000000f3f00000,0x00000000f3f00000,0x00000000f4900000)
 ParOldGen       total 42496K, used 15249K [0x00000000c2a00000, 0x00000000c5380000, 0x00000000eb900000)
  object space 42496K, 35% used [0x00000000c2a00000,0x00000000c38e4608,0x00000000c5380000)
 Metaspace       used 15921K, capacity 16248K, committed 16384K, reserved 1062912K
  class space    used 1897K, capacity 1984K, committed 2048K, reserved 1048576K
}
Event: 6.472 GC heap before
{Heap before GC invocations=6 (full 0):
 PSYoungGen      total 66048K, used 64702K [0x00000000eb900000, 0x00000000f4900000, 0x0000000100000000)
  eden space 63488K, 97% used [0x00000000eb900000,0x00000000ef5b3960,0x00000000ef700000)
  from space 2560K, 99% used [0x00000000ef700000,0x00000000ef97c030,0x00000000ef980000)
  to   space 10240K, 0% used [0x00000000f3f00000,0x00000000f3f00000,0x00000000f4900000)
 ParOldGen       total 42496K, used 15249K [0x00000000c2a00000, 0x00000000c5380000, 0x00000000eb900000)
  object space 42496K, 35% used [0x00000000c2a00000,0x00000000c38e4608,0x00000000c5380000)
 Metaspace       used 20606K, capacity 21156K, committed 21296K, reserved 1069056K
  class space    used 2509K, capacity 2666K, committed 2688K, reserved 1048576K
Event: 6.491 GC heap after
Heap after GC invocations=6 (full 0):
 PSYoungGen      total 136704K, used 7708K [0x00000000eb900000, 0x00000000f4a00000, 0x0000000100000000)
  eden space 126464K, 0% used [0x00000000eb900000,0x00000000eb900000,0x00000000f3480000)
  from space 10240K, 75% used [0x00000000f3f00000,0x00000000f4687380,0x00000000f4900000)
  to   space 10752K, 0% used [0x00000000f3480000,0x00000000f3480000,0x00000000f3f00000)
 ParOldGen       total 42496K, used 15257K [0x00000000c2a00000, 0x00000000c5380000, 0x00000000eb900000)
  object space 42496K, 35% used [0x00000000c2a00000,0x00000000c38e6608,0x00000000c5380000)
 Metaspace       used 20606K, capacity 21156K, committed 21296K, reserved 1069056K
  class space    used 2509K, capacity 2666K, committed 2688K, reserved 1048576K
}
Event: 6.491 GC heap before
{Heap before GC invocations=7 (full 1):
 PSYoungGen      total 136704K, used 7708K [0x00000000eb900000, 0x00000000f4a00000, 0x0000000100000000)
  eden space 126464K, 0% used [0x00000000eb900000,0x00000000eb900000,0x00000000f3480000)
  from space 10240K, 75% used [0x00000000f3f00000,0x00000000f4687380,0x00000000f4900000)
  to   space 10752K, 0% used [0x00000000f3480000,0x00000000f3480000,0x00000000f3f00000)
 ParOldGen       total 42496K, used 15257K [0x00000000c2a00000, 0x00000000c5380000, 0x00000000eb900000)
  object space 42496K, 35% used [0x00000000c2a00000,0x00000000c38e6608,0x00000000c5380000)
 Metaspace       used 20606K, capacity 21156K, committed 21296K, reserved 1069056K
  class space    used 2509K, capacity 2666K, committed 2688K, reserved 1048576K
Event: 6.641 GC heap after
Heap after GC invocations=7 (full 1):
 PSYoungGen      total 136704K, used 0K [0x00000000eb900000, 0x00000000f4a00000, 0x0000000100000000)
  eden space 126464K, 0% used [0x00000000eb900000,0x00000000eb900000,0x00000000f3480000)
  from space 10240K, 0% used [0x00000000f3f00000,0x00000000f3f00000,0x00000000f4900000)
  to   space 10752K, 0% used [0x00000000f3480000,0x00000000f3480000,0x00000000f3f00000)
 ParOldGen       total 47616K, used 16407K [0x00000000c2a00000, 0x00000000c5880000, 0x00000000eb900000)
  object space 47616K, 34% used [0x00000000c2a00000,0x00000000c3a05d70,0x00000000c5880000)
 Metaspace       used 20606K, capacity 21156K, committed 21296K, reserved 1069056K
  class space    used 2509K, capacity 2666K, committed 2688K, reserved 1048576K
}
Event: 21.966 GC heap before
{Heap before GC invocations=8 (full 1):
 PSYoungGen      total 136704K, used 126464K [0x00000000eb900000, 0x00000000f4a00000, 0x0000000100000000)
  eden space 126464K, 100% used [0x00000000eb900000,0x00000000f3480000,0x00000000f3480000)
  from space 10240K, 0% used [0x00000000f3f00000,0x00000000f3f00000,0x00000000f4900000)
  to   space 10752K, 0% used [0x00000000f3480000,0x00000000f3480000,0x00000000f3f00000)
 ParOldGen       total 47616K, used 16407K [0x00000000c2a00000, 0x00000000c5880000, 0x00000000eb900000)
  object space 47616K, 34% used [0x00000000c2a00000,0x00000000c3a05d70,0x00000000c5880000)
 Metaspace       used 28192K, capacity 28814K, committed 29056K, reserved 1075200K
  class space    used 3230K, capacity 3361K, committed 3456K, reserved 1048576K

