# JRE version: Java(TM) SE Runtime Environment (8.0_181-b13) (build 1.8.0_181-b13)
# Java VM: Java HotSpot(TM) 64-Bit Server VM (25.181-b13 mixed mode linux-amd64 compressed oops)
Heap:
 PSYoungGen      total 25600K, used 23488K [0x00000000eb900000, 0x00000000f3700000, 0x0000000100000000)
  eden space 25088K, 92% used [0x00000000eb900000,0x00000000ecfc80e0,0x00000000ed180000)
  from space 512K, 31% used [0x00000000f3600000,0x00000000f3628000,0x00000000f3680000)
  to   space 512K, 0% used [0x00000000f3680000,0x00000000f3680000,0x00000000f3700000)
 ParOldGen       total 308736K, used 281170K [0x00000000c2a00000, 0x00000000d5780000, 0x00000000eb900000)
  object space 308736K, 91% used [0x00000000c2a00000,0x00000000d3c94ac0,0x00000000d5780000)
 Metaspace       used 59952K, capacity 62572K, committed 62744K, reserved 1103872K
  class space    used 7937K, capacity 8420K, committed 8488K, reserved 1048576K
GC Heap History (10 events):
Event: 27871.757 GC heap before
{Heap before GC invocations=1110 (full 3):
 PSYoungGen      total 25600K, used 25152K [0x00000000eb900000, 0x00000000f3700000, 0x0000000100000000)
  eden space 25088K, 100% used [0x00000000eb900000,0x00000000ed180000,0x00000000ed180000)
  from space 512K, 12% used [0x00000000f3680000,0x00000000f3690000,0x00000000f3700000)
  to   space 512K, 0% used [0x00000000f3600000,0x00000000f3600000,0x00000000f3680000)
 ParOldGen       total 77824K, used 35350K [0x00000000c2a00000, 0x00000000c7600000, 0x00000000eb900000)
  object space 77824K, 45% used [0x00000000c2a00000,0x00000000c4c85a80,0x00000000c7600000)
 Metaspace       used 59938K, capacity 62572K, committed 62744K, reserved 1103872K
  class space    used 7937K, capacity 8420K, committed 8488K, reserved 1048576K
Event: 27871.760 GC heap after
Heap after GC invocations=1110 (full 3):
 PSYoungGen      total 25600K, used 160K [0x00000000eb900000, 0x00000000f3700000, 0x0000000100000000)
  eden space 25088K, 0% used [0x00000000eb900000,0x00000000eb900000,0x00000000ed180000)
  from space 512K, 31% used [0x00000000f3600000,0x00000000f3628000,0x00000000f3680000)
  to   space 512K, 0% used [0x00000000f3680000,0x00000000f3680000,0x00000000f3700000)
 ParOldGen       total 77824K, used 35350K [0x00000000c2a00000, 0x00000000c7600000, 0x00000000eb900000)
  object space 77824K, 45% used [0x00000000c2a00000,0x00000000c4c85a80,0x00000000c7600000)
 Metaspace       used 59938K, capacity 62572K, committed 62744K, reserved 1103872K
  class space    used 7937K, capacity 8420K, committed 8488K, reserved 1048576K
}
Event: 27892.910 GC heap before
{Heap before GC invocations=1111 (full 3):
 PSYoungGen      total 25600K, used 25248K [0x00000000eb900000, 0x00000000f3700000, 0x0000000100000000)
  eden space 25088K, 100% used [0x00000000eb900000,0x00000000ed180000,0x00000000ed180000)
  from space 512K, 31% used [0x00000000f3600000,0x00000000f3628000,0x00000000f3680000)
  to   space 512K, 0% used [0x00000000f3680000,0x00000000f3680000,0x00000000f3700000)
 ParOldGen       total 77824K, used 35350K [0x00000000c2a00000, 0x00000000c7600000, 0x00000000eb900000)
  object space 77824K, 45% used [0x00000000c2a00000,0x00000000c4c85a80,0x00000000c7600000)
 Metaspace       used 59938K, capacity 62572K, committed 62744K, reserved 1103872K
  class space    used 7937K, capacity 8420K, committed 8488K, reserved 1048576K
Event: 27892.915 GC heap after
Heap after GC invocations=1111 (full 3):
 PSYoungGen      total 25600K, used 160K [0x00000000eb900000, 0x00000000f3700000, 0x0000000100000000)
  eden space 25088K, 0% used [0x00000000eb900000,0x00000000eb900000,0x00000000ed180000)
  from space 512K, 31% used [0x00000000f3680000,0x00000000f36a8000,0x00000000f3700000)
  to   space 512K, 0% used [0x00000000f3600000,0x00000000f3600000,0x00000000f3680000)
 ParOldGen       total 77824K, used 35350K [0x00000000c2a00000, 0x00000000c7600000, 0x00000000eb900000)
  object space 77824K, 45% used [0x00000000c2a00000,0x00000000c4c85a80,0x00000000c7600000)
 Metaspace       used 59938K, capacity 62572K, committed 62744K, reserved 1103872K
  class space    used 7937K, capacity 8420K, committed 8488K, reserved 1048576K
}
Event: 27914.066 GC heap before
{Heap before GC invocations=1112 (full 3):
 PSYoungGen      total 25600K, used 25248K [0x00000000eb900000, 0x00000000f3700000, 0x0000000100000000)
  eden space 25088K, 100% used [0x00000000eb900000,0x00000000ed180000,0x00000000ed180000)
  from space 512K, 31% used [0x00000000f3680000,0x00000000f36a8000,0x00000000f3700000)
  to   space 512K, 0% used [0x00000000f3600000,0x00000000f3600000,0x00000000f3680000)
 ParOldGen       total 77824K, used 35350K [0x00000000c2a00000, 0x00000000c7600000, 0x00000000eb900000)
  object space 77824K, 45% used [0x00000000c2a00000,0x00000000c4c85a80,0x00000000c7600000)
 Metaspace       used 59938K, capacity 62572K, committed 62744K, reserved 1103872K
  class space    used 7937K, capacity 8420K, committed 8488K, reserved 1048576K
Event: 27914.072 GC heap after
Heap after GC invocations=1112 (full 3):
 PSYoungGen      total 25600K, used 64K [0x00000000eb900000, 0x00000000f3700000, 0x0000000100000000)
  eden space 25088K, 0% used [0x00000000eb900000,0x00000000eb900000,0x00000000ed180000)
  from space 512K, 12% used [0x00000000f3600000,0x00000000f3610000,0x00000000f3680000)
  to   space 512K, 0% used [0x00000000f3680000,0x00000000f3680000,0x00000000f3700000)
 ParOldGen       total 77824K, used 35350K [0x00000000c2a00000, 0x00000000c7600000, 0x00000000eb900000)
  object space 77824K, 45% used [0x00000000c2a00000,0x00000000c4c85a80,0x00000000c7600000)
 Metaspace       used 59938K, capacity 62572K, committed 62744K, reserved 1103872K
  class space    used 7937K, capacity 8420K, committed 8488K, reserved 1048576K
}
Event: 27935.222 GC heap before
{Heap before GC invocations=1113 (full 3):
 PSYoungGen      total 25600K, used 25152K [0x00000000eb900000, 0x00000000f3700000, 0x0000000100000000)
  eden space 25088K, 100% used [0x00000000eb900000,0x00000000ed180000,0x00000000ed180000)
  from space 512K, 12% used [0x00000000f3600000,0x00000000f3610000,0x00000000f3680000)
  to   space 512K, 0% used [0x00000000f3680000,0x00000000f3680000,0x00000000f3700000)
 ParOldGen       total 77824K, used 35350K [0x00000000c2a00000, 0x00000000c7600000, 0x00000000eb900000)
  object space 77824K, 45% used [0x00000000c2a00000,0x00000000c4c85a80,0x00000000c7600000)
 Metaspace       used 59938K, capacity 62572K, committed 62744K, reserved 1103872K
  class space    used 7937K, capacity 8420K, committed 8488K, reserved 1048576K
Event: 27935.228 GC heap after
Heap after GC invocations=1113 (full 3):
 PSYoungGen      total 25600K, used 96K [0x00000000eb900000, 0x00000000f3700000, 0x0000000100000000)
  eden space 25088K, 0% used [0x00000000eb900000,0x00000000eb900000,0x00000000ed180000)
  from space 512K, 18% used [0x00000000f3680000,0x00000000f3698000,0x00000000f3700000)
  to   space 512K, 0% used [0x00000000f3600000,0x00000000f3600000,0x00000000f3680000)
 ParOldGen       total 77824K, used 35350K [0x00000000c2a00000, 0x00000000c7600000, 0x00000000eb900000)
  object space 77824K, 45% used [0x00000000c2a00000,0x00000000c4c85a80,0x00000000c7600000)
 Metaspace       used 59938K, capacity 62572K, committed 62744K, reserved 1103872K
  class space    used 7937K, capacity 8420K, committed 8488K, reserved 1048576K
}
Event: 27955.371 GC heap before
{Heap before GC invocations=1114 (full 3):
 PSYoungGen      total 25600K, used 25184K [0x00000000eb900000, 0x00000000f3700000, 0x0000000100000000)
  eden space 25088K, 100% used [0x00000000eb900000,0x00000000ed180000,0x00000000ed180000)
  from space 512K, 18% used [0x00000000f3680000,0x00000000f3698000,0x00000000f3700000)
  to   space 512K, 0% used [0x00000000f3600000,0x00000000f3600000,0x00000000f3680000)
 ParOldGen       total 77824K, used 35350K [0x00000000c2a00000, 0x00000000c7600000, 0x00000000eb900000)
  object space 77824K, 45% used [0x00000000c2a00000,0x00000000c4c85a80,0x00000000c7600000)
 Metaspace       used 59938K, capacity 62572K, committed 62744K, reserved 1103872K
  class space    used 7937K, capacity 8420K, committed 8488K, reserved 1048576K
Event: 27955.375 GC heap after
Heap after GC invocations=1114 (full 3):
 PSYoungGen      total 25600K, used 160K [0x00000000eb900000, 0x00000000f3700000, 0x0000000100000000)
  eden space 25088K, 0% used [0x00000000eb900000,0x00000000eb900000,0x00000000ed180000)
  from space 512K, 31% used [0x00000000f3600000,0x00000000f3628000,0x00000000f3680000)
  to   space 512K, 0% used [0x00000000f3680000,0x00000000f3680000,0x00000000f3700000)
 ParOldGen       total 77824K, used 35350K [0x00000000c2a00000, 0x00000000c7600000, 0x00000000eb900000)
  object space 77824K, 45% used [0x00000000c2a00000,0x00000000c4c85a80,0x00000000c7600000)
 Metaspace       used 59938K, capacity 62572K, committed 62744K, reserved 1103872K
  class space    used 7937K, capacity 8420K, committed 8488K, reserved 1048576K
}

